       |/*
       |
       |Boost Software License - Version 1.0 - August 17th, 2003
       |
       |Permission is hereby granted, free of charge, to any person or organization
       |obtaining a copy of the software and accompanying documentation covered by
       |this license ( the "Software" ) to use, reproduce, display, distribute,
       |execute, and transmit the Software, and to prepare derivative works of the
       |Software, and to permit third-parties to whom the Software is furnished to
       |do so, all subject to the following:
       |
       |The copyright notices in the Software and this entire statement, including
       |the above license grant, this restriction and the following disclaimer,
       |must be included in all copies of the Software, in whole or in part, and
       |all derivative works of the Software, unless such copies or derivative
       |works are solely in the form of machine-executable object code generated by
       |a source language processor.
       |
       |THE SOFTWARE IS PROVIDED "AS IS", WITHOUT WARRANTY OF ANY KIND, EXPRESS OR
       |IMPLIED, INCLUDING BUT NOT LIMITED TO THE WARRANTIES OF MERCHANTABILITY,
       |FITNESS FOR A PARTICULAR PURPOSE, TITLE AND NON-INFRINGEMENT. IN NO EVENT
       |SHALL THE COPYRIGHT HOLDERS OR ANYONE DISTRIBUTING THE SOFTWARE BE LIABLE
       |FOR ANY DAMAGES OR OTHER LIABILITY, WHETHER IN CONTRACT, TORT OR OTHERWISE,
       |ARISING FROM, OUT OF OR IN CONNECTION WITH THE SOFTWARE OR THE USE OR OTHER
       |DEALINGS IN THE SOFTWARE.
       |
       |*/
       |module derelict.sdl2.sdl;
       |
       |public {
       |      import derelict.sdl2.functions,
       |             derelict.sdl2.types;
       |      import derelict.util.loader;
       |}
       |
       |private {
       |      import derelict.util.exception,
       |             derelict.util.system;
       |
       |      static if( Derelict_OS_Windows )
       |        enum libNames = "SDL2.dll";
       |      else static if( Derelict_OS_Mac )
       |        enum libNames = "/usr/local/lib/libSDL2.dylib, /usr/local/lib/libSDL2/libSDL2.dylib, ../Frameworks/SDL2.framework/SDL2, /Library/Frameworks/SDL2.framework/SDL2, /System/Library/Frameworks/SDL2.framework/SDL2";
       |      else static if( Derelict_OS_Posix )
       |        enum libNames = "libSDL2.so, libSDL2-2.0.so, libSDL2-2.0.so.0, /usr/local/lib/libSDL2.so, /usr/local/lib/libSDL2-2.0.so, /usr/local/lib/libSDL2-2.0.so.0";
       |      else
       |        static assert( 0, "Need to implement SDL2 libNames for this operating system." );
       |}
       |
       |/*
       |This function is not part of the public interface,  but SDL expects it to be called before any subsystems have been intiailized.
       |Normally, this happens via linking with libSDLmain, but since that doesn't happen when using Derelict, then the loader must
       |load this function and call it before the load method returns. Otherwise, bad things can happen.
       |*/
       |private extern( C ) nothrow alias da_SDL_SetMainReady = void function();
       |
       |class DerelictSDL2Loader : SharedLibLoader {
      1|      public this() {
      1|            super( libNames );
       |      }
       |
       |      protected override void configureMinimumVersion( SharedLibVersion minVersion ) {
0000000|            if( minVersion.major == 2 && minVersion.minor == 0 ) {
0000000|                  if( minVersion.patch == 3 ) {
0000000|                        missingSymbolCallback = &allowSDL_2_0_3;
       |                  }
0000000|                  else if( minVersion.patch == 2 ) {
0000000|                        missingSymbolCallback = &allowSDL_2_0_2;
       |                  }
0000000|                  else if( minVersion.patch == 1 ) {
0000000|                        missingSymbolCallback = &allowSDL_2_0_1;
       |                  }
0000000|                  else if( minVersion.patch == 0 ) {
0000000|                        missingSymbolCallback = &allowSDL_2_0_0;
       |                  }
       |            }
       |      }
       |
       |      protected override void loadSymbols() {
      1|            bindFunc( cast( void** )&SDL_Init, "SDL_Init" );
      1|            bindFunc( cast( void** )&SDL_InitSubSystem, "SDL_InitSubSystem" );
      1|            bindFunc( cast( void** )&SDL_QuitSubSystem, "SDL_QuitSubSystem" );
      1|            bindFunc( cast( void** )&SDL_WasInit, "SDL_WasInit" );
      1|            bindFunc( cast( void** )&SDL_Quit, "SDL_Quit" );
      1|            bindFunc( cast( void** )&SDL_free, "SDL_free" );
      1|            bindFunc( cast( void** )&SDL_SetAssertionHandler, "SDL_SetAssertionHandler" );
      1|            bindFunc( cast( void** )&SDL_GetDefaultAssertionHandler, "SDL_GetDefaultAssertionHandler" );
      1|            bindFunc( cast( void** )&SDL_GetAssertionHandler, "SDL_GetAssertionHandler" );
      1|            bindFunc( cast( void** )&SDL_GetAssertionReport, "SDL_GetAssertionReport" );
      1|            bindFunc( cast( void** )&SDL_ResetAssertionReport, "SDL_ResetAssertionReport" );
      1|            bindFunc( cast( void** )&SDL_GetNumAudioDrivers, "SDL_GetNumAudioDrivers" );
      1|            bindFunc( cast( void** )&SDL_GetAudioDriver, "SDL_GetAudioDriver" );
      1|            bindFunc( cast( void** )&SDL_AudioInit, "SDL_AudioInit" );
      1|            bindFunc( cast( void** )&SDL_AudioQuit, "SDL_AudioQuit" );
      1|            bindFunc( cast( void** )&SDL_GetCurrentAudioDriver, "SDL_GetCurrentAudioDriver" );
      1|            bindFunc( cast( void** )&SDL_OpenAudio, "SDL_OpenAudio" );
      1|            bindFunc( cast( void** )&SDL_GetNumAudioDevices, "SDL_GetNumAudioDevices" );
      1|            bindFunc( cast( void** )&SDL_GetAudioDeviceName, "SDL_GetAudioDeviceName" );
      1|            bindFunc( cast( void** )&SDL_OpenAudioDevice, "SDL_OpenAudioDevice" );
      1|            bindFunc( cast( void** )&SDL_GetAudioStatus, "SDL_GetAudioStatus" );
      1|            bindFunc( cast( void** )&SDL_GetAudioDeviceStatus, "SDL_GetAudioDeviceStatus" );
      1|            bindFunc( cast( void** )&SDL_PauseAudio, "SDL_PauseAudio" );
      1|            bindFunc( cast( void** )&SDL_PauseAudioDevice, "SDL_PauseAudioDevice" );
      1|            bindFunc( cast( void** )&SDL_LoadWAV_RW, "SDL_LoadWAV_RW" );
      1|            bindFunc( cast( void** )&SDL_FreeWAV, "SDL_FreeWAV" );
      1|            bindFunc( cast( void** )&SDL_BuildAudioCVT, "SDL_BuildAudioCVT" );
      1|            bindFunc( cast( void** )&SDL_ConvertAudio, "SDL_ConvertAudio" );
      1|            bindFunc( cast( void** )&SDL_MixAudio, "SDL_MixAudio" );
      1|            bindFunc( cast( void** )&SDL_MixAudioFormat, "SDL_MixAudioFormat" );
      1|            bindFunc( cast( void** )&SDL_QueueAudio, "SDL_QueueAudio" );
      1|            bindFunc( cast( void** )&SDL_GetQueuedAudioSize, "SDL_GetQueuedAudioSize" );
      1|            bindFunc( cast( void** )&SDL_ClearQueuedAudio, "SDL_ClearQueuedAudio" );
      1|            bindFunc( cast( void** )&SDL_LockAudio, "SDL_LockAudio" );
      1|            bindFunc( cast( void** )&SDL_LockAudioDevice, "SDL_LockAudioDevice" );
      1|            bindFunc( cast( void** )&SDL_UnlockAudio, "SDL_UnlockAudio" );
      1|            bindFunc( cast( void** )&SDL_UnlockAudioDevice, "SDL_UnlockAudioDevice" );
      1|            bindFunc( cast( void** )&SDL_CloseAudio, "SDL_CloseAudio" );
      1|            bindFunc( cast( void** )&SDL_CloseAudioDevice, "SDL_CloseAudioDevice" );
       |            //bindFunc( cast( void** )&SDL_AudioDeviceConnected, "SDL_AudioDeviceConnected" );
      1|            bindFunc( cast( void** )&SDL_SetClipboardText, "SDL_SetClipboardText" );
      1|            bindFunc( cast( void** )&SDL_GetClipboardText, "SDL_GetClipboardText" );
      1|            bindFunc( cast( void** )&SDL_HasClipboardText, "SDL_HasClipboardText" );
      1|            bindFunc( cast( void** )&SDL_GetCPUCount, "SDL_GetCPUCount" );
      1|            bindFunc( cast( void** )&SDL_GetCPUCacheLineSize, "SDL_GetCPUCacheLineSize" );
      1|            bindFunc( cast( void** )&SDL_HasRDTSC, "SDL_HasRDTSC" );
      1|            bindFunc( cast( void** )&SDL_HasAltiVec, "SDL_HasAltiVec" );
      1|            bindFunc( cast( void** )&SDL_HasMMX, "SDL_HasMMX" );
      1|            bindFunc( cast( void** )&SDL_Has3DNow, "SDL_Has3DNow" );
      1|            bindFunc( cast( void** )&SDL_HasSSE, "SDL_HasSSE" );
      1|            bindFunc( cast( void** )&SDL_HasSSE2, "SDL_HasSSE2" );
      1|            bindFunc( cast( void** )&SDL_HasSSE3, "SDL_HasSSE3" );
      1|            bindFunc( cast( void** )&SDL_HasSSE41, "SDL_HasSSE41" );
      1|            bindFunc( cast( void** )&SDL_HasSSE42, "SDL_HasSSE42" );
      1|            bindFunc( cast( void** )&SDL_HasAVX, "SDL_HasAVX" );
      1|            bindFunc( cast( void** )&SDL_HasAVX2, "SDL_HasAVX2" );
      1|            bindFunc( cast( void** )&SDL_GetSystemRAM, "SDL_GetSystemRAM" );
      1|            bindFunc( cast( void** )&SDL_SetError, "SDL_SetError" );
      1|            bindFunc( cast( void** )&SDL_GetError, "SDL_GetError" );
      1|            bindFunc( cast( void** )&SDL_ClearError, "SDL_ClearError" );
      1|            bindFunc( cast( void** )&SDL_PumpEvents, "SDL_PumpEvents" );
      1|            bindFunc( cast( void** )&SDL_PeepEvents, "SDL_PeepEvents" );
      1|            bindFunc( cast( void** )&SDL_HasEvent, "SDL_HasEvent" );
      1|            bindFunc( cast( void** )&SDL_HasEvents, "SDL_HasEvents" );
      1|            bindFunc( cast( void** )&SDL_FlushEvent, "SDL_FlushEvent" );
      1|            bindFunc( cast( void** )&SDL_FlushEvents, "SDL_FlushEvents" );
      1|            bindFunc( cast( void** )&SDL_PollEvent, "SDL_PollEvent" );
      1|            bindFunc( cast( void** )&SDL_WaitEvent, "SDL_WaitEvent" );
      1|            bindFunc( cast( void** )&SDL_WaitEventTimeout, "SDL_WaitEventTimeout" );
      1|            bindFunc( cast( void** )&SDL_PushEvent, "SDL_PushEvent" );
      1|            bindFunc( cast( void** )&SDL_SetEventFilter, "SDL_SetEventFilter" );
      1|            bindFunc( cast( void** )&SDL_GetEventFilter, "SDL_GetEventFilter" );
      1|            bindFunc( cast( void** )&SDL_AddEventWatch, "SDL_AddEventWatch" );
      1|            bindFunc( cast( void** )&SDL_DelEventWatch, "SDL_DelEventWatch" );
      1|            bindFunc( cast( void** )&SDL_FilterEvents, "SDL_FilterEvents" );
      1|            bindFunc( cast( void** )&SDL_EventState, "SDL_EventState" );
      1|            bindFunc( cast( void** )&SDL_RegisterEvents, "SDL_RegisterEvents" );
      1|            bindFunc( cast( void** )&SDL_GameControllerAddMappingsFromRW, "SDL_GameControllerAddMappingsFromRW" );
      1|            bindFunc( cast( void** )&SDL_GameControllerAddMapping, "SDL_GameControllerAddMapping" );
      1|            bindFunc( cast( void** )&SDL_GameControllerMappingForGUID, "SDL_GameControllerMappingForGUID" );
      1|            bindFunc( cast( void** )&SDL_GameControllerMapping, "SDL_GameControllerMapping" );
      1|            bindFunc( cast( void** )&SDL_IsGameController, "SDL_IsGameController" );
      1|            bindFunc( cast( void** )&SDL_GameControllerNameForIndex, "SDL_GameControllerNameForIndex" );
      1|            bindFunc( cast( void** )&SDL_GameControllerOpen, "SDL_GameControllerOpen" );
      1|            bindFunc( cast( void** )&SDL_GameControllerFromInstanceID, "SDL_GameControllerFromInstanceID" );
      1|            bindFunc( cast( void** )&SDL_GameControllerName, "SDL_GameControllerName" );
      1|            bindFunc( cast( void** )&SDL_GameControllerGetAttached, "SDL_GameControllerGetAttached" );
      1|            bindFunc( cast( void** )&SDL_GameControllerGetJoystick, "SDL_GameControllerGetJoystick" );
      1|            bindFunc( cast( void** )&SDL_GameControllerEventState, "SDL_GameControllerEventState" );
      1|            bindFunc( cast( void** )&SDL_GameControllerUpdate, "SDL_GameControllerUpdate" );
      1|            bindFunc( cast( void** )&SDL_GameControllerGetAxisFromString, "SDL_GameControllerGetAxisFromString" );
      1|            bindFunc( cast( void** )&SDL_GameControllerGetStringForAxis, "SDL_GameControllerGetStringForAxis" );
      1|            bindFunc( cast( void** )&SDL_GameControllerGetBindForAxis, "SDL_GameControllerGetBindForAxis" );
      1|            bindFunc( cast( void** )&SDL_GameControllerGetAxis, "SDL_GameControllerGetAxis" );
      1|            bindFunc( cast( void** )&SDL_GameControllerGetButtonFromString, "SDL_GameControllerGetButtonFromString" );
      1|            bindFunc( cast( void** )&SDL_GameControllerGetStringForButton, "SDL_GameControllerGetStringForButton" );
      1|            bindFunc( cast( void** )&SDL_GameControllerGetBindForButton, "SDL_GameControllerGetBindForButton" );
      1|            bindFunc( cast( void** )&SDL_GameControllerGetButton, "SDL_GameControllerGetButton" );
      1|            bindFunc( cast( void** )&SDL_GameControllerClose, "SDL_GameControllerClose" );
      1|            bindFunc( cast( void** )&SDL_RecordGesture, "SDL_RecordGesture" );
      1|            bindFunc( cast( void** )&SDL_SaveAllDollarTemplates, "SDL_SaveAllDollarTemplates" );
      1|            bindFunc( cast( void** )&SDL_SaveDollarTemplate, "SDL_SaveDollarTemplate" );
      1|            bindFunc( cast( void** )&SDL_LoadDollarTemplates, "SDL_LoadDollarTemplates" );
      1|            bindFunc( cast( void** )&SDL_NumHaptics, "SDL_NumHaptics" );
      1|            bindFunc( cast( void** )&SDL_HapticName, "SDL_HapticName" );
      1|            bindFunc( cast( void** )&SDL_HapticOpen, "SDL_HapticOpen" );
      1|            bindFunc( cast( void** )&SDL_HapticOpened, "SDL_HapticOpened" );
      1|            bindFunc( cast( void** )&SDL_HapticIndex, "SDL_HapticIndex" );
      1|            bindFunc( cast( void** )&SDL_MouseIsHaptic, "SDL_MouseIsHaptic" );
      1|            bindFunc( cast( void** )&SDL_HapticOpenFromMouse, "SDL_HapticOpenFromMouse" );
      1|            bindFunc( cast( void** )&SDL_JoystickIsHaptic, "SDL_JoystickIsHaptic" );
      1|            bindFunc( cast( void** )&SDL_HapticOpenFromJoystick, "SDL_HapticOpenFromJoystick" );
      1|            bindFunc( cast( void** )&SDL_HapticClose, "SDL_HapticClose" );
      1|            bindFunc( cast( void** )&SDL_HapticNumEffects, "SDL_HapticNumEffects" );
      1|            bindFunc( cast( void** )&SDL_HapticNumEffectsPlaying, "SDL_HapticNumEffectsPlaying" );
      1|            bindFunc( cast( void** )&SDL_HapticQuery, "SDL_HapticQuery" );
      1|            bindFunc( cast( void** )&SDL_HapticNumAxes, "SDL_HapticNumAxes" );
      1|            bindFunc( cast( void** )&SDL_HapticEffectSupported, "SDL_HapticEffectSupported" );
      1|            bindFunc( cast( void** )&SDL_HapticNewEffect, "SDL_HapticNewEffect" );
      1|            bindFunc( cast( void** )&SDL_HapticUpdateEffect, "SDL_HapticUpdateEffect" );
      1|            bindFunc( cast( void** )&SDL_HapticRunEffect, "SDL_HapticRunEffect" );
      1|            bindFunc( cast( void** )&SDL_HapticStopEffect, "SDL_HapticStopEffect" );
      1|            bindFunc( cast( void** )&SDL_HapticDestroyEffect, "SDL_HapticDestroyEffect" );
      1|            bindFunc( cast( void** )&SDL_HapticGetEffectStatus, "SDL_HapticGetEffectStatus" );
      1|            bindFunc( cast( void** )&SDL_HapticSetGain, "SDL_HapticSetGain" );
      1|            bindFunc( cast( void** )&SDL_HapticSetAutocenter, "SDL_HapticSetAutocenter" );
      1|            bindFunc( cast( void** )&SDL_HapticPause, "SDL_HapticPause" );
      1|            bindFunc( cast( void** )&SDL_HapticUnpause, "SDL_HapticUnpause" );
      1|            bindFunc( cast( void** )&SDL_HapticStopAll, "SDL_HapticStopAll" );
      1|            bindFunc( cast( void** )&SDL_HapticRumbleSupported, "SDL_HapticRumbleSupported" );
      1|            bindFunc( cast( void** )&SDL_HapticRumbleInit, "SDL_HapticRumbleInit" );
      1|            bindFunc( cast( void** )&SDL_HapticRumblePlay, "SDL_HapticRumblePlay" );
      1|            bindFunc( cast( void** )&SDL_HapticRumbleStop, "SDL_HapticRumbleStop" );
      1|            bindFunc( cast( void** )&SDL_SetHintWithPriority, "SDL_SetHintWithPriority" );
      1|            bindFunc( cast( void** )&SDL_SetHint, "SDL_SetHint" );
      1|            bindFunc( cast( void** )&SDL_GetHint, "SDL_GetHint" );
      1|            bindFunc( cast( void** )&SDL_AddHintCallback, "SDL_AddHintCallback" );
      1|            bindFunc( cast( void** )&SDL_DelHintCallback, "SDL_DelHintCallback" );
      1|            bindFunc( cast( void** )&SDL_ClearHints, "SDL_ClearHints" );
      1|            bindFunc( cast( void** )&SDL_NumJoysticks, "SDL_NumJoysticks" );
      1|            bindFunc( cast( void** )&SDL_JoystickNameForIndex, "SDL_JoystickNameForIndex" );
      1|            bindFunc( cast( void** )&SDL_JoystickOpen, "SDL_JoystickOpen" );
      1|            bindFunc( cast( void** )&SDL_JoystickName, "SDL_JoystickName" );
      1|            bindFunc( cast( void** )&SDL_JoystickFromInstanceID, "SDL_JoystickFromInstanceID" );
      1|            bindFunc( cast( void** )&SDL_JoystickGetDeviceGUID, "SDL_JoystickGetDeviceGUID" );
      1|            bindFunc( cast( void** )&SDL_JoystickGetGUID, "SDL_JoystickGetGUID" );
      1|            bindFunc( cast( void** )&SDL_JoystickGetGUIDString, "SDL_JoystickGetGUIDString" );
      1|            bindFunc( cast( void** )&SDL_JoystickGetGUIDFromString, "SDL_JoystickGetGUIDFromString" );
      1|            bindFunc( cast( void** )&SDL_JoystickGetAttached, "SDL_JoystickGetAttached" );
      1|            bindFunc( cast( void** )&SDL_JoystickInstanceID, "SDL_JoystickInstanceID" );
      1|            bindFunc( cast( void** )&SDL_JoystickNumAxes, "SDL_JoystickNumAxes" );
      1|            bindFunc( cast( void** )&SDL_JoystickNumBalls, "SDL_JoystickNumBalls" );
      1|            bindFunc( cast( void** )&SDL_JoystickNumHats, "SDL_JoystickNumHats" );
      1|            bindFunc( cast( void** )&SDL_JoystickNumButtons, "SDL_JoystickNumButtons" );
      1|            bindFunc( cast( void** )&SDL_JoystickUpdate, "SDL_JoystickUpdate" );
      1|            bindFunc( cast( void** )&SDL_JoystickEventState, "SDL_JoystickEventState" );
      1|            bindFunc( cast( void** )&SDL_JoystickGetAxis, "SDL_JoystickGetAxis" );
      1|            bindFunc( cast( void** )&SDL_JoystickGetHat, "SDL_JoystickGetHat" );
      1|            bindFunc( cast( void** )&SDL_JoystickGetBall, "SDL_JoystickGetBall" );
      1|            bindFunc( cast( void** )&SDL_JoystickGetButton, "SDL_JoystickGetButton" );
      1|            bindFunc( cast( void** )&SDL_JoystickClose, "SDL_JoystickClose" );
      1|            bindFunc( cast( void** )&SDL_JoystickCurrentPowerLevel, "SDL_JoystickCurrentPowerLevel" );
      1|            bindFunc( cast( void** )&SDL_GetKeyboardFocus, "SDL_GetKeyboardFocus" );
      1|            bindFunc( cast( void** )&SDL_GetKeyboardState, "SDL_GetKeyboardState" );
      1|            bindFunc( cast( void** )&SDL_GetModState, "SDL_GetModState" );
      1|            bindFunc( cast( void** )&SDL_SetModState, "SDL_SetModState" );
      1|            bindFunc( cast( void** )&SDL_GetKeyFromScancode, "SDL_GetKeyFromScancode" );
      1|            bindFunc( cast( void** )&SDL_GetScancodeFromKey, "SDL_GetScancodeFromKey" );
      1|            bindFunc( cast( void** )&SDL_GetScancodeName, "SDL_GetScancodeName" );
      1|            bindFunc( cast( void** )&SDL_GetScancodeFromName, "SDL_GetScancodeFromName" );
      1|            bindFunc( cast( void** )&SDL_GetKeyName, "SDL_GetKeyName" );
      1|            bindFunc( cast( void** )&SDL_GetKeyFromName, "SDL_GetKeyFromName" );
      1|            bindFunc( cast( void** )&SDL_StartTextInput, "SDL_StartTextInput" );
      1|            bindFunc( cast( void** )&SDL_IsTextInputActive, "SDL_IsTextInputActive" );
      1|            bindFunc( cast( void** )&SDL_StopTextInput, "SDL_StopTextInput" );
      1|            bindFunc( cast( void** )&SDL_SetTextInputRect, "SDL_SetTextInputRect" );
      1|            bindFunc( cast( void** )&SDL_HasScreenKeyboardSupport, "SDL_HasScreenKeyboardSupport" );
      1|            bindFunc( cast( void** )&SDL_IsScreenKeyboardShown, "SDL_IsScreenKeyboardShown" );
      1|            bindFunc( cast( void** )&SDL_LoadObject, "SDL_LoadObject" );
      1|            bindFunc( cast( void** )&SDL_LoadFunction, "SDL_LoadFunction" );
      1|            bindFunc( cast( void** )&SDL_UnloadObject, "SDL_UnloadObject" );
      1|            bindFunc( cast( void** )&SDL_LogSetAllPriority, "SDL_LogSetAllPriority" );
      1|            bindFunc( cast( void** )&SDL_LogSetPriority, "SDL_LogSetPriority" );
      1|            bindFunc( cast( void** )&SDL_LogGetPriority, "SDL_LogGetPriority" );
      1|            bindFunc( cast( void** )&SDL_LogResetPriorities, "SDL_LogResetPriorities" );
      1|            bindFunc( cast( void** )&SDL_Log, "SDL_Log" );
      1|            bindFunc( cast( void** )&SDL_LogVerbose, "SDL_LogVerbose" );
      1|            bindFunc( cast( void** )&SDL_LogDebug, "SDL_LogDebug" );
      1|            bindFunc( cast( void** )&SDL_LogInfo, "SDL_LogInfo" );
      1|            bindFunc( cast( void** )&SDL_LogWarn, "SDL_LogWarn" );
      1|            bindFunc( cast( void** )&SDL_LogError, "SDL_LogError" );
      1|            bindFunc( cast( void** )&SDL_LogCritical, "SDL_LogCritical" );
      1|            bindFunc( cast( void** )&SDL_LogMessage, "SDL_LogMessage" );
      1|            bindFunc( cast( void** )&SDL_LogMessageV, "SDL_LogMessageV" );
      1|            bindFunc( cast( void** )&SDL_LogGetOutputFunction, "SDL_LogGetOutputFunction" );
      1|            bindFunc( cast( void** )&SDL_LogSetOutputFunction, "SDL_LogSetOutputFunction" );
      1|            bindFunc( cast( void** )&SDL_ShowMessageBox, "SDL_ShowMessageBox" );
      1|            bindFunc( cast( void** )&SDL_ShowSimpleMessageBox, "SDL_ShowSimpleMessageBox" );
      1|            bindFunc( cast( void** )&SDL_GetMouseFocus, "SDL_GetMouseFocus" );
      1|            bindFunc( cast( void** )&SDL_GetMouseState, "SDL_GetMouseState" );
      1|            bindFunc( cast( void** )&SDL_GetGlobalMouseState, "SDL_GetGlobalMouseState" );
      1|            bindFunc( cast( void** )&SDL_GetRelativeMouseState, "SDL_GetRelativeMouseState" );
      1|            bindFunc( cast( void** )&SDL_WarpMouseInWindow, "SDL_WarpMouseInWindow" );
      1|            bindFunc( cast( void** )&SDL_WarpMouseGlobal, "SDL_WarpMouseGlobal" );
      1|            bindFunc( cast( void** )&SDL_SetRelativeMouseMode, "SDL_SetRelativeMouseMode" );
      1|            bindFunc( cast( void** )&SDL_CaptureMouse, "SDL_CaptureMouse" );
      1|            bindFunc( cast( void** )&SDL_GetRelativeMouseMode, "SDL_GetRelativeMouseMode" );
      1|            bindFunc( cast( void** )&SDL_CreateCursor, "SDL_CreateCursor" );
      1|            bindFunc( cast( void** )&SDL_CreateColorCursor, "SDL_CreateColorCursor" );
      1|            bindFunc( cast( void** )&SDL_CreateSystemCursor, "SDL_CreateSystemCursor" );
      1|            bindFunc( cast( void** )&SDL_SetCursor, "SDL_SetCursor" );
      1|            bindFunc( cast( void** )&SDL_GetCursor, "SDL_GetCursor" );
      1|            bindFunc( cast( void** )&SDL_GetDefaultCursor, "SDL_GetDefaultCursor" );
      1|            bindFunc( cast( void** )&SDL_FreeCursor, "SDL_FreeCursor" );
      1|            bindFunc( cast( void** )&SDL_ShowCursor, "SDL_ShowCursor" );
      1|            bindFunc( cast( void** )&SDL_GetPixelFormatName, "SDL_GetPixelFormatName" );
      1|            bindFunc( cast( void** )&SDL_PixelFormatEnumToMasks, "SDL_PixelFormatEnumToMasks" );
      1|            bindFunc( cast( void** )&SDL_MasksToPixelFormatEnum, "SDL_MasksToPixelFormatEnum" );
      1|            bindFunc( cast( void** )&SDL_AllocFormat, "SDL_AllocFormat" );
      1|            bindFunc( cast( void** )&SDL_FreeFormat, "SDL_FreeFormat" );
      1|            bindFunc( cast( void** )&SDL_AllocPalette, "SDL_AllocPalette" );
      1|            bindFunc( cast( void** )&SDL_SetPixelFormatPalette, "SDL_SetPixelFormatPalette" );
      1|            bindFunc( cast( void** )&SDL_SetPaletteColors, "SDL_SetPaletteColors" );
      1|            bindFunc( cast( void** )&SDL_FreePalette, "SDL_FreePalette" );
      1|            bindFunc( cast( void** )&SDL_MapRGB, "SDL_MapRGB" );
      1|            bindFunc( cast( void** )&SDL_MapRGBA, "SDL_MapRGBA" );
      1|            bindFunc( cast( void** )&SDL_GetRGB, "SDL_GetRGB" );
      1|            bindFunc( cast( void** )&SDL_GetRGBA, "SDL_GetRGBA" );
      1|            bindFunc( cast( void** )&SDL_CalculateGammaRamp, "SDL_CalculateGammaRamp" );
      1|            bindFunc( cast( void** )&SDL_GetPlatform, "SDL_GetPlatform" );
      1|            bindFunc( cast( void** )&SDL_GetPowerInfo, "SDL_GetPowerInfo" );
      1|            bindFunc( cast( void** )&SDL_HasIntersection, "SDL_HasIntersection" );
      1|            bindFunc( cast( void** )&SDL_IntersectRect, "SDL_IntersectRect" );
      1|            bindFunc( cast( void** )&SDL_UnionRect, "SDL_UnionRect" );
      1|            bindFunc( cast( void** )&SDL_EnclosePoints, "SDL_EnclosePoints" );
      1|            bindFunc( cast( void** )&SDL_IntersectRectAndLine, "SDL_IntersectRectAndLine" );
      1|            bindFunc( cast( void** )&SDL_GetNumRenderDrivers, "SDL_GetNumRenderDrivers" );
      1|            bindFunc( cast( void** )&SDL_GetRenderDriverInfo, "SDL_GetRenderDriverInfo" );
      1|            bindFunc( cast( void** )&SDL_CreateWindowAndRenderer, "SDL_CreateWindowAndRenderer" );
      1|            bindFunc( cast( void** )&SDL_CreateRenderer, "SDL_CreateRenderer" );
      1|            bindFunc( cast( void** )&SDL_CreateSoftwareRenderer, "SDL_CreateSoftwareRenderer" );
      1|            bindFunc( cast( void** )&SDL_GetRenderer, "SDL_GetRenderer" );
      1|            bindFunc( cast( void** )&SDL_GetRendererInfo, "SDL_GetRendererInfo" );
      1|            bindFunc( cast( void** )&SDL_GetRendererOutputSize, "SDL_GetRendererOutputSize" );
      1|            bindFunc( cast( void** )&SDL_CreateTexture, "SDL_CreateTexture" );
      1|            bindFunc( cast( void** )&SDL_CreateTextureFromSurface, "SDL_CreateTextureFromSurface" );
      1|            bindFunc( cast( void** )&SDL_QueryTexture, "SDL_QueryTexture" );
      1|            bindFunc( cast( void** )&SDL_SetTextureColorMod, "SDL_SetTextureColorMod" );
      1|            bindFunc( cast( void** )&SDL_GetTextureColorMod, "SDL_GetTextureColorMod" );
      1|            bindFunc( cast( void** )&SDL_SetTextureAlphaMod, "SDL_SetTextureAlphaMod" );
      1|            bindFunc( cast( void** )&SDL_GetTextureAlphaMod, "SDL_GetTextureAlphaMod" );
      1|            bindFunc( cast( void** )&SDL_SetTextureBlendMode, "SDL_SetTextureBlendMode" );
      1|            bindFunc( cast( void** )&SDL_GetTextureBlendMode, "SDL_GetTextureBlendMode" );
      1|            bindFunc( cast( void** )&SDL_UpdateTexture, "SDL_UpdateTexture" );
      1|            bindFunc( cast( void** )&SDL_UpdateYUVTexture, "SDL_UpdateYUVTexture" );
      1|            bindFunc( cast( void** )&SDL_LockTexture, "SDL_LockTexture" );
      1|            bindFunc( cast( void** )&SDL_UnlockTexture, "SDL_UnlockTexture" );
      1|            bindFunc( cast( void** )&SDL_RenderTargetSupported, "SDL_RenderTargetSupported" );
      1|            bindFunc( cast( void** )&SDL_SetRenderTarget, "SDL_SetRenderTarget" );
      1|            bindFunc( cast( void** )&SDL_GetRenderTarget, "SDL_GetRenderTarget" );
      1|            bindFunc( cast( void** )&SDL_RenderSetClipRect, "SDL_RenderSetClipRect" );
      1|            bindFunc( cast( void** )&SDL_RenderGetClipRect, "SDL_RenderGetClipRect" );
      1|            bindFunc( cast( void** )&SDL_RenderSetLogicalSize, "SDL_RenderSetLogicalSize" );
      1|            bindFunc( cast( void** )&SDL_RenderGetLogicalSize, "SDL_RenderGetLogicalSize" );
      1|            bindFunc( cast( void** )&SDL_RenderSetViewport, "SDL_RenderSetViewport" );
      1|            bindFunc( cast( void** )&SDL_RenderGetViewport, "SDL_RenderGetViewport" );
      1|            bindFunc( cast( void** )&SDL_RenderIsClipEnabled, "SDL_RenderIsClipEnabled" );
      1|            bindFunc( cast( void** )&SDL_RenderSetScale, "SDL_RenderSetScale" );
      1|            bindFunc( cast( void** )&SDL_RenderGetScale, "SDL_RenderGetScale" );
      1|            bindFunc( cast( void** )&SDL_SetRenderDrawColor, "SDL_SetRenderDrawColor" );
      1|            bindFunc( cast( void** )&SDL_GetRenderDrawColor, "SDL_GetRenderDrawColor" );
      1|            bindFunc( cast( void** )&SDL_SetRenderDrawBlendMode, "SDL_SetRenderDrawBlendMode" );
      1|            bindFunc( cast( void** )&SDL_GetRenderDrawBlendMode, "SDL_GetRenderDrawBlendMode" );
      1|            bindFunc( cast( void** )&SDL_RenderClear, "SDL_RenderClear" );
      1|            bindFunc( cast( void** )&SDL_RenderDrawPoint, "SDL_RenderDrawPoint" );
      1|            bindFunc( cast( void** )&SDL_RenderDrawPoints, "SDL_RenderDrawPoints" );
      1|            bindFunc( cast( void** )&SDL_RenderDrawLine, "SDL_RenderDrawLine" );
      1|            bindFunc( cast( void** )&SDL_RenderDrawLines, "SDL_RenderDrawLines" );
      1|            bindFunc( cast( void** )&SDL_RenderDrawRect, "SDL_RenderDrawRect" );
      1|            bindFunc( cast( void** )&SDL_RenderDrawRects, "SDL_RenderDrawRects" );
      1|            bindFunc( cast( void** )&SDL_RenderFillRect, "SDL_RenderFillRect" );
      1|            bindFunc( cast( void** )&SDL_RenderFillRects, "SDL_RenderFillRects" );
      1|            bindFunc( cast( void** )&SDL_RenderCopy, "SDL_RenderCopy" );
      1|            bindFunc( cast( void** )&SDL_RenderCopyEx, "SDL_RenderCopyEx" );
      1|            bindFunc( cast( void** )&SDL_RenderReadPixels, "SDL_RenderReadPixels" );
      1|            bindFunc( cast( void** )&SDL_RenderPresent, "SDL_RenderPresent" );
      1|            bindFunc( cast( void** )&SDL_DestroyTexture, "SDL_DestroyTexture" );
      1|            bindFunc( cast( void** )&SDL_DestroyRenderer, "SDL_DestroyRenderer" );
      1|            bindFunc( cast( void** )&SDL_GL_BindTexture, "SDL_GL_BindTexture" );
      1|            bindFunc( cast( void** )&SDL_GL_UnbindTexture, "SDL_GL_UnbindTexture" );
      1|            bindFunc( cast( void** )&SDL_RWFromFile, "SDL_RWFromFile" );
      1|            bindFunc( cast( void** )&SDL_RWFromFP, "SDL_RWFromFP" );
      1|            bindFunc( cast( void** )&SDL_RWFromMem, "SDL_RWFromMem" );
      1|            bindFunc( cast( void** )&SDL_RWFromConstMem, "SDL_RWFromConstMem" );
      1|            bindFunc( cast( void** )&SDL_AllocRW, "SDL_AllocRW" );
      1|            bindFunc( cast( void** )&SDL_FreeRW, "SDL_FreeRW" );
      1|            bindFunc( cast( void** )&SDL_ReadU8, "SDL_ReadU8" );
      1|            bindFunc( cast( void** )&SDL_ReadLE16, "SDL_ReadLE16" );
      1|            bindFunc( cast( void** )&SDL_ReadBE16, "SDL_ReadBE16" );
      1|            bindFunc( cast( void** )&SDL_ReadLE32, "SDL_ReadLE32" );
      1|            bindFunc( cast( void** )&SDL_ReadBE32, "SDL_ReadBE32" );
      1|            bindFunc( cast( void** )&SDL_ReadLE64, "SDL_ReadLE64" );
      1|            bindFunc( cast( void** )&SDL_ReadBE64, "SDL_ReadBE64" );
      1|            bindFunc( cast( void** )&SDL_WriteU8, "SDL_WriteU8" );
      1|            bindFunc( cast( void** )&SDL_WriteLE16, "SDL_WriteLE16" );
      1|            bindFunc( cast( void** )&SDL_WriteBE16, "SDL_WriteBE16" );
      1|            bindFunc( cast( void** )&SDL_WriteLE32, "SDL_WriteLE32" );
      1|            bindFunc( cast( void** )&SDL_WriteBE32, "SDL_WriteBE32" );
      1|            bindFunc( cast( void** )&SDL_WriteLE64, "SDL_WriteLE64" );
      1|            bindFunc( cast( void** )&SDL_WriteBE64, "SDL_WriteBE64" );
      1|            bindFunc( cast( void** )&SDL_CreateShapedWindow, "SDL_CreateShapedWindow" );
      1|            bindFunc( cast( void** )&SDL_IsShapedWindow, "SDL_IsShapedWindow" );
      1|            bindFunc( cast( void** )&SDL_SetWindowShape, "SDL_SetWindowShape" );
      1|            bindFunc( cast( void** )&SDL_GetShapedWindowMode, "SDL_GetShapedWindowMode" );
      1|            bindFunc( cast( void** )&SDL_CreateRGBSurface, "SDL_CreateRGBSurface" );
      1|            bindFunc( cast( void** )&SDL_CreateRGBSurfaceFrom, "SDL_CreateRGBSurfaceFrom" );
      1|            bindFunc( cast( void** )&SDL_FreeSurface, "SDL_FreeSurface" );
      1|            bindFunc( cast( void** )&SDL_SetSurfacePalette, "SDL_SetSurfacePalette" );
      1|            bindFunc( cast( void** )&SDL_LockSurface, "SDL_LockSurface" );
      1|            bindFunc( cast( void** )&SDL_UnlockSurface, "SDL_UnlockSurface" );
      1|            bindFunc( cast( void** )&SDL_LoadBMP_RW, "SDL_LoadBMP_RW" );
      1|            bindFunc( cast( void** )&SDL_SaveBMP_RW, "SDL_SaveBMP_RW" );
      1|            bindFunc( cast( void** )&SDL_SetSurfaceRLE, "SDL_SetSurfaceRLE" );
      1|            bindFunc( cast( void** )&SDL_SetColorKey, "SDL_SetColorKey" );
      1|            bindFunc( cast( void** )&SDL_GetColorKey, "SDL_GetColorKey" );
      1|            bindFunc( cast( void** )&SDL_SetSurfaceColorMod, "SDL_SetSurfaceColorMod" );
      1|            bindFunc( cast( void** )&SDL_GetSurfaceColorMod, "SDL_GetSurfaceColorMod" );
      1|            bindFunc( cast( void** )&SDL_SetSurfaceAlphaMod, "SDL_SetSurfaceAlphaMod" );
      1|            bindFunc( cast( void** )&SDL_GetSurfaceAlphaMod, "SDL_GetSurfaceAlphaMod" );
      1|            bindFunc( cast( void** )&SDL_SetSurfaceBlendMode, "SDL_SetSurfaceBlendMode" );
      1|            bindFunc( cast( void** )&SDL_GetSurfaceBlendMode, "SDL_GetSurfaceBlendMode" );
      1|            bindFunc( cast( void** )&SDL_SetClipRect, "SDL_SetClipRect" );
      1|            bindFunc( cast( void** )&SDL_GetClipRect, "SDL_GetClipRect" );
      1|            bindFunc( cast( void** )&SDL_ConvertSurface, "SDL_ConvertSurface" );
      1|            bindFunc( cast( void** )&SDL_ConvertSurfaceFormat, "SDL_ConvertSurfaceFormat" );
      1|            bindFunc( cast( void** )&SDL_ConvertPixels, "SDL_ConvertPixels" );
      1|            bindFunc( cast( void** )&SDL_FillRect, "SDL_FillRect" );
      1|            bindFunc( cast( void** )&SDL_FillRects, "SDL_FillRects" );
      1|            bindFunc( cast( void** )&SDL_UpperBlit, "SDL_UpperBlit" );
      1|            bindFunc( cast( void** )&SDL_LowerBlit, "SDL_LowerBlit" );
      1|            bindFunc( cast( void** )&SDL_SoftStretch, "SDL_SoftStretch" );
      1|            bindFunc( cast( void** )&SDL_UpperBlitScaled, "SDL_UpperBlitScaled" );
      1|            bindFunc( cast( void** )&SDL_LowerBlitScaled, "SDL_LowerBlitScaled" );
       |            static if( Derelict_OS_Windows ) {
       |                bindFunc( cast( void** )&SDL_Direct3D9GetAdapterIndex, "SDL_Direct3D9GetAdapterIndex" ) ;
       |                bindFunc( cast( void** )&SDL_RenderGetD3D9Device, "SDL_RenderGetD3D9Device" );
       |                bindFunc( cast( void** )&SDL_DXGIGetOutputInfo, "SDL_DXGIGetOutputInfo" );
       |            }
       |            static if( Derelict_OS_iOS ) {
       |                bindFunc( cast( void** )&SDL_iPhoneSetAnimationCallback, "SDL_iPhoneSetAnimationCallback" );
       |                bindFunc( cast( void** )&SDL_iPhoneSetEventPump, "SDL_iPhoneSetEventPump" );
       |            }
       |            static if( Derelict_OS_Android ) {
       |                bindFunc( cast( void** )&SDL_AndroidGetJNIEnv, "SDL_AndroidGetJNIEnv" );
       |                bindFunc( cast( void** )&SDL_AndroidGetActivity, "SDL_AndroidGetActivity" );
       |
       |                bindFunc( cast( void** )&SDL_AndroidGetInternalStoragePath, "SDL_AndroidGetInternalStoragePath" );
       |                bindFunc( cast( void** )&SDL_AndroidGetInternalStorageState, "SDL_AndroidGetInternalStorageState" );
       |                bindFunc( cast( void** )&SDL_AndroidGetExternalStoragePath, "SDL_AndroidGetExternalStoragePath" );
       |            }
       |            static if( Derelict_OS_WinRT ) {
       |                bindFunc( cast( void** )&SDL_WinRTGetFSPathUNICODE, "SDL_WinRTGetFSPathUNICODE" );
       |                bindFunc( cast( void** )&SDL_WinRTGetFSPathUTF8, "SDL_WinRTGetFSPathUTF8" );
       |                bindFunc( cast( void** )&SDL_WinRTRunApp, "SDL_WinRTRunApp" );
       |            }
       |
      1|            bindFunc( cast( void** )&SDL_GetWindowWMInfo, "SDL_GetWindowWMInfo" );
      1|            bindFunc( cast( void** )&SDL_GetTicks, "SDL_GetTicks" );
      1|            bindFunc( cast( void** )&SDL_GetPerformanceCounter, "SDL_GetPerformanceCounter" );
      1|            bindFunc( cast( void** )&SDL_GetPerformanceFrequency, "SDL_GetPerformanceFrequency" );
      1|            bindFunc( cast( void** )&SDL_Delay, "SDL_Delay" );
      1|            bindFunc( cast( void** )&SDL_AddTimer, "SDL_AddTimer" );
      1|            bindFunc( cast( void** )&SDL_RemoveTimer, "SDL_RemoveTimer" );
      1|            bindFunc( cast( void** )&SDL_GetNumTouchDevices, "SDL_GetNumTouchDevices" );
      1|            bindFunc( cast( void** )&SDL_GetTouchDevice, "SDL_GetTouchDevice" );
      1|            bindFunc( cast( void** )&SDL_GetNumTouchFingers, "SDL_GetNumTouchFingers" );
      1|            bindFunc( cast( void** )&SDL_GetTouchFinger, "SDL_GetTouchFinger" );
      1|            bindFunc( cast( void** )&SDL_GetVersion, "SDL_GetVersion" );
      1|            bindFunc( cast( void** )&SDL_GetRevision, "SDL_GetRevision" );
      1|            bindFunc( cast( void** )&SDL_GetRevisionNumber, "SDL_GetRevisionNumber" );
      1|            bindFunc( cast( void** )&SDL_GetNumVideoDrivers, "SDL_GetNumVideoDrivers" );
      1|            bindFunc( cast( void** )&SDL_GetVideoDriver, "SDL_GetVideoDriver" );
      1|            bindFunc( cast( void** )&SDL_VideoInit, "SDL_VideoInit" );
      1|            bindFunc( cast( void** )&SDL_VideoQuit, "SDL_VideoQuit" );
      1|            bindFunc( cast( void** )&SDL_GetCurrentVideoDriver, "SDL_GetCurrentVideoDriver" );
      1|            bindFunc( cast( void** )&SDL_GetNumVideoDisplays, "SDL_GetNumVideoDisplays" );
      1|            bindFunc( cast( void** )&SDL_GetDisplayName, "SDL_GetDisplayName" );
      1|            bindFunc( cast( void** )&SDL_GetDisplayBounds, "SDL_GetDisplayBounds" );
      1|            bindFunc( cast( void** )&SDL_GetDisplayDPI, "SDL_GetDisplayDPI" );
      1|            bindFunc( cast( void** )&SDL_GetNumDisplayModes, "SDL_GetNumDisplayModes" );
      1|            bindFunc( cast( void** )&SDL_GetDisplayMode, "SDL_GetDisplayMode" );
      1|            bindFunc( cast( void** )&SDL_GetDesktopDisplayMode, "SDL_GetDesktopDisplayMode" );
      1|            bindFunc( cast( void** )&SDL_GetCurrentDisplayMode, "SDL_GetCurrentDisplayMode" );
      1|            bindFunc( cast( void** )&SDL_GetClosestDisplayMode, "SDL_GetClosestDisplayMode" );
      1|            bindFunc( cast( void** )&SDL_GetWindowDisplayIndex, "SDL_GetWindowDisplayIndex" );
      1|            bindFunc( cast( void** )&SDL_SetWindowDisplayMode, "SDL_SetWindowDisplayMode" );
      1|            bindFunc( cast( void** )&SDL_GetWindowDisplayMode, "SDL_GetWindowDisplayMode" );
      1|            bindFunc( cast( void** )&SDL_GetWindowPixelFormat, "SDL_GetWindowPixelFormat" );
      1|            bindFunc( cast( void** )&SDL_CreateWindow, "SDL_CreateWindow" );
      1|            bindFunc( cast( void** )&SDL_CreateWindowFrom, "SDL_CreateWindowFrom" );
      1|            bindFunc( cast( void** )&SDL_GetWindowID, "SDL_GetWindowID" );
      1|            bindFunc( cast( void** )&SDL_GetWindowFromID, "SDL_GetWindowFromID" );
      1|            bindFunc( cast( void** )&SDL_GetWindowFlags, "SDL_GetWindowFlags" );
      1|            bindFunc( cast( void** )&SDL_SetWindowTitle, "SDL_SetWindowTitle" );
      1|            bindFunc( cast( void** )&SDL_GetWindowTitle, "SDL_GetWindowTitle" );
      1|            bindFunc( cast( void** )&SDL_SetWindowIcon, "SDL_SetWindowIcon" );
      1|            bindFunc( cast( void** )&SDL_SetWindowData, "SDL_SetWindowData" );
      1|            bindFunc( cast( void** )&SDL_GetWindowData, "SDL_GetWindowData" );
      1|            bindFunc( cast( void** )&SDL_SetWindowPosition, "SDL_SetWindowPosition" );
      1|            bindFunc( cast( void** )&SDL_GetWindowPosition, "SDL_GetWindowPosition" );
      1|            bindFunc( cast( void** )&SDL_SetWindowSize, "SDL_SetWindowSize" );
      1|            bindFunc( cast( void** )&SDL_GetWindowSize, "SDL_GetWindowSize" );
      1|            bindFunc( cast( void** )&SDL_SetWindowMinimumSize, "SDL_SetWindowMinimumSize" );
      1|            bindFunc( cast( void** )&SDL_GetWindowMinimumSize, "SDL_GetWindowMinimumSize" );
      1|            bindFunc( cast( void** )&SDL_SetWindowMaximumSize, "SDL_SetWindowMaximumSize" );
      1|            bindFunc( cast( void** )&SDL_GetWindowMaximumSize, "SDL_GetWindowMaximumSize" );
      1|            bindFunc( cast( void** )&SDL_SetWindowBordered, "SDL_SetWindowBordered" );
      1|            bindFunc( cast( void** )&SDL_ShowWindow, "SDL_ShowWindow" );
      1|            bindFunc( cast( void** )&SDL_HideWindow, "SDL_HideWindow" );
      1|            bindFunc( cast( void** )&SDL_RaiseWindow, "SDL_RaiseWindow" );
      1|            bindFunc( cast( void** )&SDL_MaximizeWindow, "SDL_MaximizeWindow" );
      1|            bindFunc( cast( void** )&SDL_MinimizeWindow, "SDL_MinimizeWindow" );
      1|            bindFunc( cast( void** )&SDL_RestoreWindow, "SDL_RestoreWindow" );
      1|            bindFunc( cast( void** )&SDL_SetWindowFullscreen, "SDL_SetWindowFullscreen" );
      1|            bindFunc( cast( void** )&SDL_GetWindowSurface, "SDL_GetWindowSurface" );
      1|            bindFunc( cast( void** )&SDL_UpdateWindowSurface, "SDL_UpdateWindowSurface" );
      1|            bindFunc( cast( void** )&SDL_UpdateWindowSurfaceRects, "SDL_UpdateWindowSurfaceRects" );
      1|            bindFunc( cast( void** )&SDL_SetWindowGrab, "SDL_SetWindowGrab" );
      1|            bindFunc( cast( void** )&SDL_GetWindowGrab, "SDL_GetWindowGrab" );
      1|            bindFunc( cast( void** )&SDL_GetGrabbedWindow, "SDL_GetGrabbedWindow" );
      1|            bindFunc( cast( void** )&SDL_SetWindowBrightness, "SDL_SetWindowBrightness" );
      1|            bindFunc( cast( void** )&SDL_GetWindowBrightness, "SDL_GetWindowBrightness" );
      1|            bindFunc( cast( void** )&SDL_SetWindowGammaRamp, "SDL_SetWindowGammaRamp" );
      1|            bindFunc( cast( void** )&SDL_GetWindowGammaRamp, "SDL_GetWindowGammaRamp" );
      1|            bindFunc( cast( void** )&SDL_SetWindowHitTest, "SDL_SetWindowHitTest" );
      1|            bindFunc( cast( void** )&SDL_DestroyWindow, "SDL_DestroyWindow" );
      1|            bindFunc( cast( void** )&SDL_IsScreenSaverEnabled, "SDL_IsScreenSaverEnabled" );
      1|            bindFunc( cast( void** )&SDL_EnableScreenSaver, "SDL_EnableScreenSaver" );
      1|            bindFunc( cast( void** )&SDL_DisableScreenSaver, "SDL_DisableScreenSaver" );
      1|            bindFunc( cast( void** )&SDL_GL_LoadLibrary, "SDL_GL_LoadLibrary" );
      1|            bindFunc( cast( void** )&SDL_GL_GetProcAddress, "SDL_GL_GetProcAddress" );
      1|            bindFunc( cast( void** )&SDL_GL_UnloadLibrary, "SDL_GL_UnloadLibrary" );
      1|            bindFunc( cast( void** )&SDL_GL_ExtensionSupported, "SDL_GL_ExtensionSupported" );
      1|            bindFunc( cast( void** )&SDL_GL_ResetAttributes, "SDL_GL_ResetAttributes" );
      1|            bindFunc( cast( void** )&SDL_GL_SetAttribute, "SDL_GL_SetAttribute" );
      1|            bindFunc( cast( void** )&SDL_GL_GetAttribute, "SDL_GL_GetAttribute" );
      1|            bindFunc( cast( void** )&SDL_GL_CreateContext, "SDL_GL_CreateContext" );
      1|            bindFunc( cast( void** )&SDL_GL_MakeCurrent, "SDL_GL_MakeCurrent" );
      1|            bindFunc( cast( void** )&SDL_GL_GetCurrentWindow, "SDL_GL_GetCurrentWindow" );
      1|            bindFunc( cast( void** )&SDL_GL_GetCurrentContext, "SDL_GL_GetCurrentContext" );
      1|            bindFunc( cast( void** )&SDL_GL_SetSwapInterval, "SDL_GL_SetSwapInterval" );
      1|            bindFunc( cast( void** )&SDL_GL_GetSwapInterval, "SDL_GL_GetSwapInterval" );
      1|            bindFunc( cast( void** )&SDL_GL_SwapWindow, "SDL_GL_SwapWindow" );
      1|            bindFunc( cast( void** )&SDL_GL_DeleteContext, "SDL_GL_DeleteContext" );
      1|            bindFunc( cast( void** )&SDL_GL_GetDrawableSize, "SDL_GL_GetDrawableSize" );
      1|            bindFunc( cast( void** )&SDL_GetBasePath, "SDL_GetBasePath", false );
      1|            bindFunc( cast( void** )&SDL_GetPrefPath, "SDL_GetPrefPath", false );
       |
       |            // SDL_init will fail if SDL_SetMainReady has not been called.
       |            // Since there's no SDL_main on the D side, it needs to be handled
       |            // manually. My understanding that this is fine on the platforms
       |            // that D is currently available on. If we ever get on to Android
       |            // or iPhone, though, this will need to be versioned.
       |            // I've wrapped it in a try/catch because it seem the function is
       |            // not always exported on Linux. See issue #153
       |            // https://github.com/aldacron/Derelict3/issues/153
       |            try {
      1|                  da_SDL_SetMainReady setReady;
      1|                  bindFunc( cast( void** )&setReady, "SDL_SetMainReady" );
      1|                  setReady();
       |            } catch(  DerelictException de  ) {}
       |      }
       |
       |      private ShouldThrow allowSDL_2_0_0( string symbolName ) {
0000000|            switch( symbolName ) {
       |                  // Functions added in 2.0.1
0000000|                  case "SDL_free": break;
0000000|                  case "SDL_SetAssertionHandler": break;
0000000|                  case "SDL_GetAssertionReport": break;
0000000|                  case "SDL_ResetAssertionReport": break;
0000000|                  case "SDL_GetSystemRAM": break;
0000000|                  case "SDL_UpdateYUVTexture": break;
0000000|                  case "SDL_GL_GetDrawableSize": break;
0000000|                  case "SDL_GetBasePath": break;
0000000|                  case "SDL_GetPrefPath": break;
0000000|                  default: return allowSDL_2_0_1( symbolName );
       |            }
0000000|            return ShouldThrow.No;
       |      }
       |
       |      private ShouldThrow allowSDL_2_0_1( string symbolName ) {
0000000|            switch( symbolName ) {
       |                  // Functions added in 2.0.2
0000000|                  case "SDL_HasAVX": break;
0000000|                  case "SDL_GameControllerAddMappingsFromRW": break;
0000000|                  case "SDL_GetDefaultAssertionHandler": break;
0000000|                  case "SDL_GetAssertionHandler": break;
0000000|                  case "SDL_GL_ResetAttributes": break;
       |
       |                  static if( Derelict_OS_Windows ) {
       |                        case "SDL_Direct3D9GetAdapterIndex": break;
       |                        case "SDL_RenderGetD3D9Device": break;
       |                        case "SDL_DXGIGetOutputInfo": break;
       |                  } else static if( Derelict_OS_iOS ) {
       |                        case "SDL_iPhoneSetAnimationCallback": break;
       |                        case "SDL_iPhoneSetEventPump": break;
       |                  } else static if( Derelict_OS_Android ) {
       |                        case "SDL_AndroidGetJNIEnv": break;
       |                        case "SDL_AndroidGetActivity": break;
       |                        case "SDL_AndroidGetInternalStoragePath": break;
       |                        case "SDL_AndroidGetInternalStorageState": break;
       |                        case "SDL_AndroidGetExternalStoragePath": break;
       |                  }
0000000|                  default: return allowSDL_2_0_2( symbolName );
       |            }
0000000|            return ShouldThrow.No;
       |      }
       |
       |      private ShouldThrow allowSDL_2_0_2( string symbolName ) {
       |            static if( Derelict_OS_WinRT ) {
       |                  switch( symbolName ) {
       |                        // Functions added in 2.0.3
       |                        static if( Derelict_OS_WinRT ) {
       |                              case "SDL_WinRTGetFSPathUNICODE": break;
       |                              case "SDL_WinRTGetFSPathUTF8": break;
       |                              case "SDL_WinRTRunApp": break;
       |                        }
       |                        default: return allowSDL_2_0_3( symbolName );
       |                  }
       |            }
0000000|            return ShouldThrow.No;
       |      }
       |
       |      private ShouldThrow allowSDL_2_0_3( string symbolName ) {
0000000|            switch( symbolName ) {
       |                  // Functions added in 2.0.4
0000000|                  case "SDL_CaptureMouse": break;
0000000|                  case "SDL_ClearQueuedAudio": break;
0000000|                  case "SDL_GameControllerFromInstanceID": break;
0000000|                  case "SDL_GetDisplayDPI": break;
0000000|                  case "SDL_GetGlobalMouseState": break;
0000000|                  case "SDL_GetGrabbedWindow": break;
0000000|                  case "SDL_GetQueuedAudioSize": break;
0000000|                  case "SDL_HasAVX2": break;
0000000|                  case "SDL_JoystickCurrentPowerLevel": break;
0000000|                  case "SDL_JoystickFromInstanceID": break;
0000000|                  case "SDL_QueueAudio": break;
0000000|                  case "SDL_RenderIsClipEnabled": break;
0000000|                  case "SDL_SetWindowHitTest": break;
0000000|                  case "SDL_WarpMouseGlobal": break;
0000000|                  default: return ShouldThrow.Yes;
       |            }
0000000|            return ShouldThrow.No;
       |      }
       |}
       |
       |__gshared DerelictSDL2Loader DerelictSDL2;
       |
       |shared static this() {
      1|    DerelictSDL2 = new DerelictSDL2Loader();
       |}
../../.dub/packages/derelict-sdl2-2.0.2/source/derelict/sdl2/sdl.d is 90% covered
