       |/*
       |
       |Boost Software License - Version 1.0 - August 17th, 2003
       |
       |Permission is hereby granted, free of charge, to any person or organization
       |obtaining a copy of the software and accompanying documentation covered by
       |this license (the "Software") to use, reproduce, display, distribute,
       |execute, and transmit the Software, and to prepare derivative works of the
       |Software, and to permit third-parties to whom the Software is furnished to
       |do so, all subject to the following:
       |
       |The copyright notices in the Software and this entire statement, including
       |the above license grant, this restriction and the following disclaimer,
       |must be included in all copies of the Software, in whole or in part, and
       |all derivative works of the Software, unless such copies or derivative
       |works are solely in the form of machine-executable object code generated by
       |a source language processor.
       |
       |THE SOFTWARE IS PROVIDED "AS IS", WITHOUT WARRANTY OF ANY KIND, EXPRESS OR
       |IMPLIED, INCLUDING BUT NOT LIMITED TO THE WARRANTIES OF MERCHANTABILITY,
       |FITNESS FOR A PARTICULAR PURPOSE, TITLE AND NON-INFRINGEMENT. IN NO EVENT
       |SHALL THE COPYRIGHT HOLDERS OR ANYONE DISTRIBUTING THE SOFTWARE BE LIABLE
       |FOR ANY DAMAGES OR OTHER LIABILITY, WHETHER IN CONTRACT, TORT OR OTHERWISE,
       |ARISING FROM, OUT OF OR IN CONNECTION WITH THE SOFTWARE OR THE USE OR OTHER
       |DEALINGS IN THE SOFTWARE.
       |
       |*/
       |module derelict.opengl3.gl;
       |
       |public {
       |    import derelict.opengl3.deprecatedConstants;
       |    import derelict.opengl3.deprecatedFunctions;
       |    import derelict.opengl3.gl3;
       |}
       |
       |private {
       |    import derelict.util.loader;
       |    import derelict.opengl3.internal;
       |}
       |
       |final class DerelictGLLoader : DerelictGL3Loader {
       |    public {
      1|        this() {}
       |
       |        override GLVersion reload(GLVersion minVersion = GLVersion.None, GLVersion maxVersion = GLVersion.HighestSupported) {
0000000|            GLVersion maxVer = super.reload(minVersion, maxVersion);
       |
0000000|            if( maxVer >= GLVersion.GL12 && isExtSupported( maxVer, "GL_ARB_imaging" ) ) {
0000000|                bindGLFunc( cast( void** )&glColorTable, "glColorTable" );
0000000|                bindGLFunc( cast( void** )&glColorSubTable, "glColorSubTable" );
0000000|                bindGLFunc( cast( void** )&glColorTableParameteriv, "glColorTableParameteriv" );
0000000|                bindGLFunc( cast( void** )&glColorTableParameterfv, "glColorTableParameterfv" );
0000000|                bindGLFunc( cast( void** )&glCopyColorSubTable, "glCopyColorSubTable" );
0000000|                bindGLFunc( cast( void** )&glCopyColorTable, "glCopyColorTable" );
0000000|                bindGLFunc( cast( void** )&glGetColorTable, "glGetColorTable" );
0000000|                bindGLFunc( cast( void** )&glGetColorTableParameterfv, "glGetColorTableParameterfv" );
0000000|                bindGLFunc( cast( void** )&glGetColorTableParameteriv, "glGetColorTableParameteriv" );
0000000|                bindGLFunc( cast( void** )&glHistogram, "glHistogram" );
0000000|                bindGLFunc( cast( void** )&glResetHistogram, "glResetHistogram" );
0000000|                bindGLFunc( cast( void** )&glGetHistogram, "glGetHistogram" );
0000000|                bindGLFunc( cast( void** )&glGetHistogramParameterfv, "glGetHistogramParameterfv" );
0000000|                bindGLFunc( cast( void** )&glGetHistogramParameteriv, "glGetHistogramParameteriv" );
0000000|                bindGLFunc( cast( void** )&glMinmax, "glMinmax" );
0000000|                bindGLFunc( cast( void** )&glResetMinmax, "glResetMinmax" );
0000000|                bindGLFunc( cast( void** )&glGetMinmax, "glGetMinmax" );
0000000|                bindGLFunc( cast( void** )&glGetMinmaxParameterfv, "glGetMinmaxParameterfv" );
0000000|                bindGLFunc( cast( void** )&glGetMinmaxParameteriv, "glGetMinmaxParameteriv" );
0000000|                bindGLFunc( cast( void** )&glConvolutionFilter1D, "glConvolutionFilter1D" );
0000000|                bindGLFunc( cast( void** )&glConvolutionFilter2D, "glConvolutionFilter2D" );
0000000|                bindGLFunc( cast( void** )&glConvolutionParameterf, "glConvolutionParameterf" );
0000000|                bindGLFunc( cast( void** )&glConvolutionParameterfv, "glConvolutionParameterfv" );
0000000|                bindGLFunc( cast( void** )&glConvolutionParameteri, "glConvolutionParameteri" );
0000000|                bindGLFunc( cast( void** )&glConvolutionParameteriv, "glConvolutionParameteriv" );
0000000|                bindGLFunc( cast( void** )&glCopyConvolutionFilter1D, "glCopyConvolutionFilter1D" );
0000000|                bindGLFunc( cast( void** )&glCopyConvolutionFilter2D, "glCopyConvolutionFilter2D" );
0000000|                bindGLFunc( cast( void** )&glGetConvolutionFilter, "glGetConvolutionFilter" );
0000000|                bindGLFunc( cast( void** )&glGetConvolutionParameterfv, "glGetConvolutionParameterfv" );
0000000|                bindGLFunc( cast( void** )&glGetConvolutionParameteriv, "glGetConvolutionParameteriv" );
0000000|                bindGLFunc( cast( void** )&glSeparableFilter2D, "glSeparableFilter2D" );
0000000|                bindGLFunc( cast( void** )&glGetSeparableFilter, "glGetSeparableFilter" );
       |            }
       |
0000000|            if( maxVer >= GLVersion.GL13 ) {
0000000|                bindGLFunc( cast( void** )&glClientActiveTexture, "glClientActiveTexture" );
0000000|                bindGLFunc( cast( void** )&glMultiTexCoord1d, "glMultiTexCoord1d" );
0000000|                bindGLFunc( cast( void** )&glMultiTexCoord1dv, "glMultiTexCoord1dv" );
0000000|                bindGLFunc( cast( void** )&glMultiTexCoord1f, "glMultiTexCoord1f" );
0000000|                bindGLFunc( cast( void** )&glMultiTexCoord1fv, "glMultiTexCoord1fv" );
0000000|                bindGLFunc( cast( void** )&glMultiTexCoord1i, "glMultiTexCoord1i" );
0000000|                bindGLFunc( cast( void** )&glMultiTexCoord1iv, "glMultiTexCoord1iv" );
0000000|                bindGLFunc( cast( void** )&glMultiTexCoord1s, "glMultiTexCoord1s" );
0000000|                bindGLFunc( cast( void** )&glMultiTexCoord1sv, "glMultiTexCoord1sv" );
0000000|                bindGLFunc( cast( void** )&glMultiTexCoord2d, "glMultiTexCoord2d" );
0000000|                bindGLFunc( cast( void** )&glMultiTexCoord2dv, "glMultiTexCoord2dv" );
0000000|                bindGLFunc( cast( void** )&glMultiTexCoord2f, "glMultiTexCoord2f" );
0000000|                bindGLFunc( cast( void** )&glMultiTexCoord2fv, "glMultiTexCoord2fv" );
0000000|                bindGLFunc( cast( void** )&glMultiTexCoord2i, "glMultiTexCoord2i" );
0000000|                bindGLFunc( cast( void** )&glMultiTexCoord2iv, "glMultiTexCoord2iv" );
0000000|                bindGLFunc( cast( void** )&glMultiTexCoord2s, "glMultiTexCoord2s" );
0000000|                bindGLFunc( cast( void** )&glMultiTexCoord2sv, "glMultiTexCoord2sv" );
0000000|                bindGLFunc( cast( void** )&glMultiTexCoord3d, "glMultiTexCoord3d" );
0000000|                bindGLFunc( cast( void** )&glMultiTexCoord3dv, "glMultiTexCoord3dv" );
0000000|                bindGLFunc( cast( void** )&glMultiTexCoord3f, "glMultiTexCoord3f" );
0000000|                bindGLFunc( cast( void** )&glMultiTexCoord3fv, "glMultiTexCoord3fv" );
0000000|                bindGLFunc( cast( void** )&glMultiTexCoord3i, "glMultiTexCoord3i" );
0000000|                bindGLFunc( cast( void** )&glMultiTexCoord3iv, "glMultiTexCoord3iv" );
0000000|                bindGLFunc( cast( void** )&glMultiTexCoord3s, "glMultiTexCoord3s" );
0000000|                bindGLFunc( cast( void** )&glMultiTexCoord3sv, "glMultiTexCoord3sv" );
0000000|                bindGLFunc( cast( void** )&glMultiTexCoord4d, "glMultiTexCoord4d" );
0000000|                bindGLFunc( cast( void** )&glMultiTexCoord4dv, "glMultiTexCoord4dv" );
0000000|                bindGLFunc( cast( void** )&glMultiTexCoord4f, "glMultiTexCoord4f" );
0000000|                bindGLFunc( cast( void** )&glMultiTexCoord4fv, "glMultiTexCoord4fv" );
0000000|                bindGLFunc( cast( void** )&glMultiTexCoord4i, "glMultiTexCoord4i" );
0000000|                bindGLFunc( cast( void** )&glMultiTexCoord4iv, "glMultiTexCoord4iv" );
0000000|                bindGLFunc( cast( void** )&glMultiTexCoord4s, "glMultiTexCoord4s" );
0000000|                bindGLFunc( cast( void** )&glMultiTexCoord4sv, "glMultiTexCoord4sv" );
0000000|                bindGLFunc( cast( void** )&glLoadTransposeMatrixd, "glLoadTransposeMatrixd" );
0000000|                bindGLFunc( cast( void** )&glLoadTransposeMatrixf, "glLoadTransposeMatrixf" );
0000000|                bindGLFunc( cast( void** )&glMultTransposeMatrixd, "glMultTransposeMatrixd" );
0000000|                bindGLFunc( cast( void** )&glMultTransposeMatrixf, "glMultTransposeMatrixf" );
       |            }
       |
0000000|            if( maxVer >= GLVersion.GL14 ) {
0000000|                bindGLFunc( cast( void** )&glFogCoordf, "glFogCoordf" );
0000000|                bindGLFunc( cast( void** )&glFogCoordfv, "glFogCoordfv" );
0000000|                bindGLFunc( cast( void** )&glFogCoordd, "glFogCoordd" );
0000000|                bindGLFunc( cast( void** )&glFogCoorddv, "glFogCoorddv" );
0000000|                bindGLFunc( cast( void** )&glFogCoordPointer, "glFogCoordPointer" );
0000000|                bindGLFunc( cast( void** )&glSecondaryColor3b, "glSecondaryColor3b" );
0000000|                bindGLFunc( cast( void** )&glSecondaryColor3bv, "glSecondaryColor3bv" );
0000000|                bindGLFunc( cast( void** )&glSecondaryColor3d, "glSecondaryColor3d" );
0000000|                bindGLFunc( cast( void** )&glSecondaryColor3dv, "glSecondaryColor3dv" );
0000000|                bindGLFunc( cast( void** )&glSecondaryColor3f, "glSecondaryColor3f" );
0000000|                bindGLFunc( cast( void** )&glSecondaryColor3fv, "glSecondaryColor3fv" );
0000000|                bindGLFunc( cast( void** )&glSecondaryColor3i, "glSecondaryColor3i" );
0000000|                bindGLFunc( cast( void** )&glSecondaryColor3iv, "glSecondaryColor3iv" );
0000000|                bindGLFunc( cast( void** )&glSecondaryColor3s, "glSecondaryColor3s" );
0000000|                bindGLFunc( cast( void** )&glSecondaryColor3sv, "glSecondaryColor3sv" );
0000000|                bindGLFunc( cast( void** )&glSecondaryColor3ub, "glSecondaryColor3ub" );
0000000|                bindGLFunc( cast( void** )&glSecondaryColor3ubv, "glSecondaryColor3ubv" );
0000000|                bindGLFunc( cast( void** )&glSecondaryColor3ui, "glSecondaryColor3ui" );
0000000|                bindGLFunc( cast( void** )&glSecondaryColor3uiv, "glSecondaryColor3uiv" );
0000000|                bindGLFunc( cast( void** )&glSecondaryColor3us, "glSecondaryColor3us" );
0000000|                bindGLFunc( cast( void** )&glSecondaryColor3usv, "glSecondaryColor3usv" );
0000000|                bindGLFunc( cast( void** )&glSecondaryColorPointer, "glSecondaryColorPointer" );
0000000|                bindGLFunc( cast( void** )&glWindowPos2d, "glWindowPos2d" );
0000000|                bindGLFunc( cast( void** )&glWindowPos2dv, "glWindowPos2dv" );
0000000|                bindGLFunc( cast( void** )&glWindowPos2f, "glWindowPos2f" );
0000000|                bindGLFunc( cast( void** )&glWindowPos2fv, "glWindowPos2fv" );
0000000|                bindGLFunc( cast( void** )&glWindowPos2i, "glWindowPos2i" );
0000000|                bindGLFunc( cast( void** )&glWindowPos2iv, "glWindowPos2iv" );
0000000|                bindGLFunc( cast( void** )&glWindowPos2s, "glWindowPos2s" );
0000000|                bindGLFunc( cast( void** )&glWindowPos2sv, "glWindowPos2sv" );
0000000|                bindGLFunc( cast( void** )&glWindowPos3d, "glWindowPos3d" );
0000000|                bindGLFunc( cast( void** )&glWindowPos3dv, "glWindowPos3dv" );
0000000|                bindGLFunc( cast( void** )&glWindowPos3f, "glWindowPos3f" );
0000000|                bindGLFunc( cast( void** )&glWindowPos3fv, "glWindowPos3fv" );
0000000|                bindGLFunc( cast( void** )&glWindowPos3i, "glWindowPos3i" );
0000000|                bindGLFunc( cast( void** )&glWindowPos3iv, "glWindowPos3iv" );
0000000|                bindGLFunc( cast( void** )&glWindowPos3s, "glWindowPos3s" );
0000000|                bindGLFunc( cast( void** )&glWindowPos3sv, "glWindowPos3sv" );
       |            }
       |
0000000|            return maxVer;
       |        }
       |    }
       |
       |    protected override void loadSymbols() {
      1|        super.loadSymbols();
       |
      1|        bindFunc( cast( void** )&glIsList, "glIsList" );
      1|        bindFunc( cast( void** )&glDeleteLists, "glDeleteLists" );
      1|        bindFunc( cast( void** )&glGenLists, "glGenLists" );
      1|        bindFunc( cast( void** )&glNewList, "glNewList" );
      1|        bindFunc( cast( void** )&glEndList, "glEndList" );
      1|        bindFunc( cast( void** )&glCallList, "glCallList" );
      1|        bindFunc( cast( void** )&glCallLists, "glCallLists" );
      1|        bindFunc( cast( void** )&glListBase, "glListBase" );
      1|        bindFunc( cast( void** )&glBegin, "glBegin" );
      1|        bindFunc( cast( void** )&glEnd, "glEnd" );
      1|        bindFunc( cast( void** )&glVertex2d, "glVertex2d" );
      1|        bindFunc( cast( void** )&glVertex2f, "glVertex2f" );
      1|        bindFunc( cast( void** )&glVertex2i, "glVertex2i" );
      1|        bindFunc( cast( void** )&glVertex2s, "glVertex2s" );
      1|        bindFunc( cast( void** )&glVertex3d, "glVertex3d" );
      1|        bindFunc( cast( void** )&glVertex3f, "glVertex3f" );
      1|        bindFunc( cast( void** )&glVertex3i, "glVertex3i" );
      1|        bindFunc( cast( void** )&glVertex3s, "glVertex3s" );
      1|        bindFunc( cast( void** )&glVertex4d, "glVertex4d" );
      1|        bindFunc( cast( void** )&glVertex4f, "glVertex4f" );
      1|        bindFunc( cast( void** )&glVertex4i, "glVertex4i" );
      1|        bindFunc( cast( void** )&glVertex4s, "glVertex4s" );
      1|        bindFunc( cast( void** )&glVertex2dv, "glVertex2dv" );
      1|        bindFunc( cast( void** )&glVertex2fv, "glVertex2fv" );
      1|        bindFunc( cast( void** )&glVertex2iv, "glVertex2iv" );
      1|        bindFunc( cast( void** )&glVertex2sv, "glVertex2sv" );
      1|        bindFunc( cast( void** )&glVertex3dv, "glVertex3dv" );
      1|        bindFunc( cast( void** )&glVertex3fv, "glVertex3fv" );
      1|        bindFunc( cast( void** )&glVertex3iv, "glVertex3iv" );
      1|        bindFunc( cast( void** )&glVertex3sv, "glVertex3sv" );
      1|        bindFunc( cast( void** )&glVertex4dv, "glVertex4dv" );
      1|        bindFunc( cast( void** )&glVertex4fv, "glVertex4fv" );
      1|        bindFunc( cast( void** )&glVertex4iv, "glVertex4iv" );
      1|        bindFunc( cast( void** )&glVertex4sv, "glVertex4sv" );
      1|        bindFunc( cast( void** )&glNormal3b, "glNormal3b" );
      1|        bindFunc( cast( void** )&glNormal3d, "glNormal3d" );
      1|        bindFunc( cast( void** )&glNormal3f, "glNormal3f" );
      1|        bindFunc( cast( void** )&glNormal3i, "glNormal3i" );
      1|        bindFunc( cast( void** )&glNormal3s, "glNormal3s" );
      1|        bindFunc( cast( void** )&glNormal3bv, "glNormal3bv" );
      1|        bindFunc( cast( void** )&glNormal3dv, "glNormal3dv" );
      1|        bindFunc( cast( void** )&glNormal3fv, "glNormal3fv" );
      1|        bindFunc( cast( void** )&glNormal3iv, "glNormal3iv" );
      1|        bindFunc( cast( void** )&glNormal3sv, "glNormal3sv" );
      1|        bindFunc( cast( void** )&glIndexd, "glIndexd" );
      1|        bindFunc( cast( void** )&glIndexf, "glIndexf" );
      1|        bindFunc( cast( void** )&glIndexi, "glIndexi" );
      1|        bindFunc( cast( void** )&glIndexs, "glIndexs" );
      1|        bindFunc( cast( void** )&glIndexub, "glIndexub" );
      1|        bindFunc( cast( void** )&glIndexdv, "glIndexdv" );
      1|        bindFunc( cast( void** )&glIndexfv, "glIndexfv" );
      1|        bindFunc( cast( void** )&glIndexiv, "glIndexiv" );
      1|        bindFunc( cast( void** )&glIndexsv, "glIndexsv" );
      1|        bindFunc( cast( void** )&glIndexubv, "glIndexubv" );
      1|        bindFunc( cast( void** )&glColor3b, "glColor3b" );
      1|        bindFunc( cast( void** )&glColor3d, "glColor3d" );
      1|        bindFunc( cast( void** )&glColor3f, "glColor3f" );
      1|        bindFunc( cast( void** )&glColor3i, "glColor3i" );
      1|        bindFunc( cast( void** )&glColor3s, "glColor3s" );
      1|        bindFunc( cast( void** )&glColor3ub, "glColor3ub" );
      1|        bindFunc( cast( void** )&glColor3ui, "glColor3ui" );
      1|        bindFunc( cast( void** )&glColor3us, "glColor3us" );
      1|        bindFunc( cast( void** )&glColor4b, "glColor4b" );
      1|        bindFunc( cast( void** )&glColor4d, "glColor4d" );
      1|        bindFunc( cast( void** )&glColor4f, "glColor4f" );
      1|        bindFunc( cast( void** )&glColor4i, "glColor4i" );
      1|        bindFunc( cast( void** )&glColor4s, "glColor4s" );
      1|        bindFunc( cast( void** )&glColor4ub, "glColor4ub" );
      1|        bindFunc( cast( void** )&glColor4ui, "glColor4ui" );
      1|        bindFunc( cast( void** )&glColor4us, "glColor4us" );
      1|        bindFunc( cast( void** )&glColor3bv, "glColor3bv" );
      1|        bindFunc( cast( void** )&glColor3dv, "glColor3dv" );
      1|        bindFunc( cast( void** )&glColor3fv, "glColor3fv" );
      1|        bindFunc( cast( void** )&glColor3iv, "glColor3iv" );
      1|        bindFunc( cast( void** )&glColor3sv, "glColor3sv" );
      1|        bindFunc( cast( void** )&glColor3ubv, "glColor3ubv" );
      1|        bindFunc( cast( void** )&glColor3uiv, "glColor3uiv" );
      1|        bindFunc( cast( void** )&glColor3usv, "glColor3usv" );
      1|        bindFunc( cast( void** )&glColor4bv, "glColor4bv" );
      1|        bindFunc( cast( void** )&glColor4dv, "glColor4dv" );
      1|        bindFunc( cast( void** )&glColor4fv, "glColor4fv" );
      1|        bindFunc( cast( void** )&glColor4iv, "glColor4iv" );
      1|        bindFunc( cast( void** )&glColor4sv, "glColor4sv" );
      1|        bindFunc( cast( void** )&glColor4ubv, "glColor4ubv" );
      1|        bindFunc( cast( void** )&glColor4uiv, "glColor4uiv" );
      1|        bindFunc( cast( void** )&glColor4usv, "glColor4usv" );
      1|        bindFunc( cast( void** )&glTexCoord1d, "glTexCoord1d" );
      1|        bindFunc( cast( void** )&glTexCoord1f, "glTexCoord1f" );
      1|        bindFunc( cast( void** )&glTexCoord1i, "glTexCoord1i" );
      1|        bindFunc( cast( void** )&glTexCoord1s, "glTexCoord1s" );
      1|        bindFunc( cast( void** )&glTexCoord2d, "glTexCoord2d" );
      1|        bindFunc( cast( void** )&glTexCoord2f, "glTexCoord2f" );
      1|        bindFunc( cast( void** )&glTexCoord2i, "glTexCoord2i" );
      1|        bindFunc( cast( void** )&glTexCoord2s, "glTexCoord2s" );
      1|        bindFunc( cast( void** )&glTexCoord3d, "glTexCoord3d" );
      1|        bindFunc( cast( void** )&glTexCoord3f, "glTexCoord3f" );
      1|        bindFunc( cast( void** )&glTexCoord3i, "glTexCoord3i" );
      1|        bindFunc( cast( void** )&glTexCoord3s, "glTexCoord3s" );
      1|        bindFunc( cast( void** )&glTexCoord4d, "glTexCoord4d" );
      1|        bindFunc( cast( void** )&glTexCoord4f, "glTexCoord4f" );
      1|        bindFunc( cast( void** )&glTexCoord4i, "glTexCoord4i" );
      1|        bindFunc( cast( void** )&glTexCoord4s, "glTexCoord4s" );
      1|        bindFunc( cast( void** )&glTexCoord1dv, "glTexCoord1dv" );
      1|        bindFunc( cast( void** )&glTexCoord1fv, "glTexCoord1fv" );
      1|        bindFunc( cast( void** )&glTexCoord1iv, "glTexCoord1iv" );
      1|        bindFunc( cast( void** )&glTexCoord1sv, "glTexCoord1sv" );
      1|        bindFunc( cast( void** )&glTexCoord2dv, "glTexCoord2dv" );
      1|        bindFunc( cast( void** )&glTexCoord2fv, "glTexCoord2fv" );
      1|        bindFunc( cast( void** )&glTexCoord2iv, "glTexCoord2iv" );
      1|        bindFunc( cast( void** )&glTexCoord2sv, "glTexCoord2sv" );
      1|        bindFunc( cast( void** )&glTexCoord3dv, "glTexCoord3dv" );
      1|        bindFunc( cast( void** )&glTexCoord3fv, "glTexCoord3fv" );
      1|        bindFunc( cast( void** )&glTexCoord3iv, "glTexCoord3iv" );
      1|        bindFunc( cast( void** )&glTexCoord3sv, "glTexCoord3sv" );
      1|        bindFunc( cast( void** )&glTexCoord4dv, "glTexCoord4dv" );
      1|        bindFunc( cast( void** )&glTexCoord4fv, "glTexCoord4fv" );
      1|        bindFunc( cast( void** )&glTexCoord4iv, "glTexCoord4iv" );
      1|        bindFunc( cast( void** )&glTexCoord4sv, "glTexCoord4sv" );
      1|        bindFunc( cast( void** )&glRasterPos2d, "glRasterPos2d" );
      1|        bindFunc( cast( void** )&glRasterPos2f, "glRasterPos2f" );
      1|        bindFunc( cast( void** )&glRasterPos2i, "glRasterPos2i" );
      1|        bindFunc( cast( void** )&glRasterPos2s, "glRasterPos2s" );
      1|        bindFunc( cast( void** )&glRasterPos3d, "glRasterPos3d" );
      1|        bindFunc( cast( void** )&glRasterPos3f, "glRasterPos3f" );
      1|        bindFunc( cast( void** )&glRasterPos3i, "glRasterPos3i" );
      1|        bindFunc( cast( void** )&glRasterPos3s, "glRasterPos3s" );
      1|        bindFunc( cast( void** )&glRasterPos4d, "glRasterPos4d" );
      1|        bindFunc( cast( void** )&glRasterPos4f, "glRasterPos4f" );
      1|        bindFunc( cast( void** )&glRasterPos4i, "glRasterPos4i" );
      1|        bindFunc( cast( void** )&glRasterPos4s, "glRasterPos4s" );
      1|        bindFunc( cast( void** )&glRasterPos2dv, "glRasterPos2dv" );
      1|        bindFunc( cast( void** )&glRasterPos2fv, "glRasterPos2fv" );
      1|        bindFunc( cast( void** )&glRasterPos2iv, "glRasterPos2iv" );
      1|        bindFunc( cast( void** )&glRasterPos2sv, "glRasterPos2sv" );
      1|        bindFunc( cast( void** )&glRasterPos3dv, "glRasterPos3dv" );
      1|        bindFunc( cast( void** )&glRasterPos3fv, "glRasterPos3fv" );
      1|        bindFunc( cast( void** )&glRasterPos3iv, "glRasterPos3iv" );
      1|        bindFunc( cast( void** )&glRasterPos3sv, "glRasterPos3sv" );
      1|        bindFunc( cast( void** )&glRasterPos4dv, "glRasterPos4dv" );
      1|        bindFunc( cast( void** )&glRasterPos4fv, "glRasterPos4fv" );
      1|        bindFunc( cast( void** )&glRasterPos4iv, "glRasterPos4iv" );
      1|        bindFunc( cast( void** )&glRasterPos4sv, "glRasterPos4sv" );
      1|        bindFunc( cast( void** )&glRectd, "glRectd" );
      1|        bindFunc( cast( void** )&glRectf, "glRectf" );
      1|        bindFunc( cast( void** )&glRecti, "glRecti" );
      1|        bindFunc( cast( void** )&glRects, "glRects" );
      1|        bindFunc( cast( void** )&glRectdv, "glRectdv" );
      1|        bindFunc( cast( void** )&glRectfv, "glRectfv" );
      1|        bindFunc( cast( void** )&glRectiv, "glRectiv" );
      1|        bindFunc( cast( void** )&glRectsv, "glRectsv" );
      1|        bindFunc( cast( void** )&glClipPlane, "glClipPlane" );
      1|        bindFunc( cast( void** )&glGetClipPlane, "glGetClipPlane" );
      1|        bindFunc( cast( void** )&glShadeModel, "glShadeModel" );
      1|        bindFunc( cast( void** )&glLightf, "glLightf" );
      1|        bindFunc( cast( void** )&glLighti, "glLighti" );
      1|        bindFunc( cast( void** )&glLightfv, "glLightfv" );
      1|        bindFunc( cast( void** )&glLightiv, "glLightiv" );
      1|        bindFunc( cast( void** )&glGetLightfv, "glGetLightfv" );
      1|        bindFunc( cast( void** )&glGetLightiv, "glGetLightiv" );
      1|        bindFunc( cast( void** )&glLightModelf, "glLightModelf" );
      1|        bindFunc( cast( void** )&glLightModeli, "glLightModeli" );
      1|        bindFunc( cast( void** )&glLightModelfv, "glLightModelfv" );
      1|        bindFunc( cast( void** )&glLightModeliv, "glLightModeliv" );
      1|        bindFunc( cast( void** )&glMaterialf, "glMaterialf" );
      1|        bindFunc( cast( void** )&glMateriali, "glMateriali" );
      1|        bindFunc( cast( void** )&glMaterialfv, "glMaterialfv" );
      1|        bindFunc( cast( void** )&glMaterialiv, "glMaterialiv" );
      1|        bindFunc( cast( void** )&glGetMaterialfv, "glGetMaterialfv" );
      1|        bindFunc( cast( void** )&glGetMaterialiv, "glGetMaterialiv" );
      1|        bindFunc( cast( void** )&glColorMaterial, "glColorMaterial" );
      1|        bindFunc( cast( void** )&glColorMaterial, "glColorMaterial" );
      1|        bindFunc( cast( void** )&glFogf, "glFogf" );
      1|        bindFunc( cast( void** )&glFogi, "glFogi" );
      1|        bindFunc( cast( void** )&glFogfv, "glFogfv" );
      1|        bindFunc( cast( void** )&glFogiv, "glFogiv" );
      1|        bindFunc( cast( void** )&glLineStipple, "glLineStipple" );
      1|        bindFunc( cast( void** )&glPolygonStipple, "glPolygonStipple" );
      1|        bindFunc( cast( void** )&glGetPolygonStipple, "glGetPolygonStipple" );
      1|        bindFunc( cast( void** )&glTexGend, "glTexGend" );
      1|        bindFunc( cast( void** )&glTexGenf, "glTexGenf" );
      1|        bindFunc( cast( void** )&glTexGeni, "glTexGeni" );
      1|        bindFunc( cast( void** )&glTexGendv, "glTexGendv" );
      1|        bindFunc( cast( void** )&glTexGenfv, "glTexGenfv" );
      1|        bindFunc( cast( void** )&glTexGeniv, "glTexGeniv" );
      1|        bindFunc( cast( void** )&glGetTexGendv, "glGetTexGendv" );
      1|        bindFunc( cast( void** )&glGetTexGenfv, "glGetTexGenfv" );
      1|        bindFunc( cast( void** )&glGetTexGeniv, "glGetTexGeniv" );
      1|        bindFunc( cast( void** )&glTexEnvf, "glTexEnvf" );
      1|        bindFunc( cast( void** )&glTexEnvi, "glTexEnvi" );
      1|        bindFunc( cast( void** )&glTexEnvfv, "glTexEnvfv" );
      1|        bindFunc( cast( void** )&glTexEnviv, "glTexEnviv" );
      1|        bindFunc( cast( void** )&glGetTexEnvfv, "glGetTexEnvfv" );
      1|        bindFunc( cast( void** )&glGetTexEnviv, "glGetTexEnviv" );
      1|        bindFunc( cast( void** )&glFeedbackBuffer, "glFeedbackBuffer" );
      1|        bindFunc( cast( void** )&glPassThrough, "glPassThrough" );
      1|        bindFunc( cast( void** )&glSelectBuffer, "glSelectBuffer" );
      1|        bindFunc( cast( void** )&glInitNames, "glInitNames" );
      1|        bindFunc( cast( void** )&glLoadName, "glLoadName" );
      1|        bindFunc( cast( void** )&glPushName, "glPushName" );
      1|        bindFunc( cast( void** )&glPopName, "glPopName" );
      1|        bindFunc( cast( void** )&glRenderMode, "glRenderMode" );
      1|        bindFunc( cast( void** )&glClearAccum, "glClearAccum" );
      1|        bindFunc( cast( void** )&glAccum, "glAccum" );
      1|        bindFunc( cast( void** )&glClearIndex, "glClearIndex" );
      1|        bindFunc( cast( void** )&glIndexMask, "glIndexMask" );
      1|        bindFunc( cast( void** )&glPushAttrib, "glPushAttrib" );
      1|        bindFunc( cast( void** )&glPopAttrib, "glPopAttrib" );
      1|        bindFunc( cast( void** )&glMap1d, "glMap1d" );
      1|        bindFunc( cast( void** )&glMap1f, "glMap1f" );
      1|        bindFunc( cast( void** )&glMap2d, "glMap2d" );
      1|        bindFunc( cast( void** )&glMap2f, "glMap2f" );
      1|        bindFunc( cast( void** )&glGetMapdv, "glGetMapdv" );
      1|        bindFunc( cast( void** )&glGetMapfv, "glGetMapfv" );
      1|        bindFunc( cast( void** )&glGetMapiv, "glGetMapiv" );
      1|        bindFunc( cast( void** )&glEvalCoord1d, "glEvalCoord1d" );
      1|        bindFunc( cast( void** )&glEvalCoord1f, "glEvalCoord1f" );
      1|        bindFunc( cast( void** )&glEvalCoord1dv, "glEvalCoord1dv" );
      1|        bindFunc( cast( void** )&glEvalCoord1fv, "glEvalCoord1fv" );
      1|        bindFunc( cast( void** )&glEvalCoord2d, "glEvalCoord2d" );
      1|        bindFunc( cast( void** )&glEvalCoord2f, "glEvalCoord2f" );
      1|        bindFunc( cast( void** )&glEvalCoord2dv, "glEvalCoord2dv" );
      1|        bindFunc( cast( void** )&glEvalCoord2fv, "glEvalCoord2fv" );
      1|        bindFunc( cast( void** )&glMapGrid1d, "glMapGrid1d" );
      1|        bindFunc( cast( void** )&glMapGrid1f, "glMapGrid1f" );
      1|        bindFunc( cast( void** )&glMapGrid2d, "glMapGrid2d" );
      1|        bindFunc( cast( void** )&glMapGrid2f, "glMapGrid2f" );
      1|        bindFunc( cast( void** )&glEvalPoint1, "glEvalPoint1" );
      1|        bindFunc( cast( void** )&glEvalPoint2, "glEvalPoint2" );
      1|        bindFunc( cast( void** )&glEvalMesh1, "glEvalMesh1" );
      1|        bindFunc( cast( void** )&glEvalMesh2, "glEvalMesh2" );
      1|        bindFunc( cast( void** )&glAlphaFunc, "glAlphaFunc" );
      1|        bindFunc( cast( void** )&glPixelZoom, "glPixelZoom" );
      1|        bindFunc( cast( void** )&glPixelTransferf, "glPixelTransferf" );
      1|        bindFunc( cast( void** )&glPixelTransferi, "glPixelTransferi" );
      1|        bindFunc( cast( void** )&glPixelMapfv, "glPixelMapfv" );
      1|        bindFunc( cast( void** )&glPixelMapuiv, "glPixelMapuiv" );
      1|        bindFunc( cast( void** )&glPixelMapusv, "glPixelMapusv" );
      1|        bindFunc( cast( void** )&glGetPixelMapfv, "glGetPixelMapfv" );
      1|        bindFunc( cast( void** )&glGetPixelMapuiv, "glGetPixelMapuiv" );
      1|        bindFunc( cast( void** )&glGetPixelMapusv, "glGetPixelMapusv" );
      1|        bindFunc( cast( void** )&glDrawPixels, "glDrawPixels" );
      1|        bindFunc( cast( void** )&glCopyPixels, "glCopyPixels" );
      1|        bindFunc( cast( void** )&glFrustum, "glFrustum" );
      1|        bindFunc( cast( void** )&glMatrixMode, "glMatrixMode" );
      1|        bindFunc( cast( void** )&glOrtho, "glOrtho" );
      1|        bindFunc( cast( void** )&glFrustum, "glFrustum" );
      1|        bindFunc( cast( void** )&glViewport, "glViewport" );
      1|        bindFunc( cast( void** )&glPushMatrix, "glPushMatrix" );
      1|        bindFunc( cast( void** )&glPopMatrix, "glPopMatrix" );
      1|        bindFunc( cast( void** )&glLoadIdentity, "glLoadIdentity" );
      1|        bindFunc( cast( void** )&glLoadMatrixd, "glLoadMatrixd" );
      1|        bindFunc( cast( void** )&glLoadMatrixf, "glLoadMatrixf" );
      1|        bindFunc( cast( void** )&glMultMatrixd, "glMultMatrixd" );
      1|        bindFunc( cast( void** )&glMultMatrixf, "glMultMatrixf" );
      1|        bindFunc( cast( void** )&glRotated, "glRotated" );
      1|        bindFunc( cast( void** )&glRotatef, "glRotatef" );
      1|        bindFunc( cast( void** )&glScaled, "glScaled" );
      1|        bindFunc( cast( void** )&glScalef, "glScalef" );
      1|        bindFunc( cast( void** )&glTranslated, "glTranslated" );
      1|        bindFunc( cast( void** )&glTranslatef, "glTranslatef" );
      1|        bindFunc( cast( void** )&glVertexPointer, "glVertexPointer" );
      1|        bindFunc( cast( void** )&glNormalPointer, "glNormalPointer" );
      1|        bindFunc( cast( void** )&glColorPointer, "glColorPointer" );
      1|        bindFunc( cast( void** )&glIndexPointer, "glIndexPointer" );
      1|        bindFunc( cast( void** )&glTexCoordPointer, "glTexCoordPointer" );
      1|        bindFunc( cast( void** )&glEdgeFlagPointer, "glEdgeFlagPointer" );
      1|        bindFunc( cast( void** )&glGetPointerv, "glGetPointerv" );
      1|        bindFunc( cast( void** )&glArrayElement, "glArrayElement" );
      1|        bindFunc( cast( void** )&glInterleavedArrays, "glInterleavedArrays" );
      1|        bindFunc( cast( void** )&glEnableClientState, "glEnableClientState" );
      1|        bindFunc( cast( void** )&glDisableClientState, "glDisableClientState" );
      1|        bindFunc( cast( void** )&glPrioritizeTextures, "glPrioritizeTextures" );
      1|        bindFunc( cast( void** )&glAreTexturesResident, "glAreTexturesResident" );
      1|        bindFunc( cast( void** )&glPushClientAttrib, "glPushClientAttrib" );
      1|        bindFunc( cast( void** )&glPopClientAttrib, "glPopClientAttrib" );
       |    }
       |}
       |
       |__gshared DerelictGLLoader DerelictGL;
       |
       |shared static this() {
      1|    DerelictGL = new DerelictGLLoader;
       |}
../../.dub/packages/derelict-gl3-1.0.22/source/derelict/opengl3/gl.d is 71% covered
